<?xml version="1.0" encoding="UTF-8"?>
<testsuite xmlns:xsi="http://www.w3.org/2001/XMLSchema-instance" xsi:noNamespaceSchemaLocation="https://maven.apache.org/surefire/maven-surefire-plugin/xsd/surefire-test-report-3.0.xsd" version="3.0" name="SimpleClassTest" time="0.489" tests="3" errors="0" skipped="0" failures="0">
  <properties>
[...]
</properties>
  <testcase name="testAddEm" classname="SimpleClassTest" time="0.143">
    <system-out><![CDATA[addEm
]]></system-out>
  </testcase>
  <testcase name="testDivEm" classname="SimpleClassTest" time="0.016">
    <system-out><![CDATA[divEm
]]></system-out>
  </testcase>
  <testcase name="testSubEm" classname="SimpleClassTest" time="0.009">
    <system-out><![CDATA[subEm
]]></system-out>
  </testcase>
</testsuite>